{ = Inicio
== = OperadorRelacional
== = OperadorRelacional
= = Asignacion
12345 = Numero
++ = IncrementoTermino
+ = OperadorTermino
-- = IncrementoTermino
- = OperadorTermino
# = OperadorTermino
radioDeLaCircunferencia = Identificador
= = Asignacion
45 = Numero
; = FinSentencia
+= = IncrementoTermino
-= = IncrementoTermino
* = OperadorFactor
*= = IncrementoFactor
/ = OperadorFactor
/= = IncrementoFactor
% = OperadorFactor
%= = IncrementoFactor
! = OperadorLogico
!= = OperadorRelacional
&& = OperadorLogico
|| = OperadorLogico
> = Caracter
>= = OperadorRelacional
< = Caracter
<= = OperadorRelacional
} = Fin
